{"/Users/yairperman/proj/chai-by-proxy/src/index.js":{"path":"/Users/yairperman/proj/chai-by-proxy/src/index.js","s":{"1":1,"2":1,"3":1,"4":1,"5":1,"6":1,"7":1,"8":1,"9":1,"10":5,"11":14,"12":1,"13":2,"14":1,"15":7,"16":7,"17":1,"18":5,"19":5,"20":5,"21":5,"22":5},"b":{"1":[5,0]},"f":{"1":1,"2":5,"3":14,"4":2,"5":7,"6":5},"fnMap":{"1":{"name":"(anonymous_1)","line":1,"loc":{"start":{"line":1,"column":17},"end":{"line":1,"column":33}}},"2":{"name":"property","line":11,"loc":{"start":{"line":11,"column":2},"end":{"line":11,"column":35}}},"3":{"name":"(anonymous_3)","line":13,"loc":{"start":{"line":13,"column":6},"end":{"line":13,"column":18}}},"4":{"name":"negate","line":16,"loc":{"start":{"line":16,"column":2},"end":{"line":16,"column":21}}},"5":{"name":"setRootObj","line":20,"loc":{"start":{"line":20,"column":2},"end":{"line":20,"column":25}}},"6":{"name":"useRootObj","line":26,"loc":{"start":{"line":26,"column":2},"end":{"line":26,"column":25}}}},"statementMap":{"1":{"start":{"line":1,"column":0},"end":{"line":35,"column":1}},"2":{"start":{"line":2,"column":2},"end":{"line":2,"column":27}},"3":{"start":{"line":3,"column":2},"end":{"line":3,"column":49}},"4":{"start":{"line":5,"column":2},"end":{"line":5,"column":29}},"5":{"start":{"line":6,"column":2},"end":{"line":6,"column":33}},"6":{"start":{"line":7,"column":2},"end":{"line":7,"column":33}},"7":{"start":{"line":8,"column":2},"end":{"line":8,"column":33}},"8":{"start":{"line":9,"column":2},"end":{"line":9,"column":33}},"9":{"start":{"line":11,"column":2},"end":{"line":14,"column":3}},"10":{"start":{"line":12,"column":4},"end":{"line":13,"column":36}},"11":{"start":{"line":13,"column":20},"end":{"line":13,"column":34}},"12":{"start":{"line":16,"column":2},"end":{"line":18,"column":3}},"13":{"start":{"line":17,"column":4},"end":{"line":17,"column":38}},"14":{"start":{"line":20,"column":2},"end":{"line":24,"column":3}},"15":{"start":{"line":21,"column":4},"end":{"line":21,"column":36}},"16":{"start":{"line":23,"column":4},"end":{"line":23,"column":34}},"17":{"start":{"line":26,"column":2},"end":{"line":34,"column":3}},"18":{"start":{"line":27,"column":4},"end":{"line":27,"column":39}},"19":{"start":{"line":28,"column":4},"end":{"line":31,"column":5}},"20":{"start":{"line":29,"column":6},"end":{"line":29,"column":35}},"21":{"start":{"line":30,"column":6},"end":{"line":30,"column":33}},"22":{"start":{"line":33,"column":4},"end":{"line":33,"column":34}}},"branchMap":{"1":{"line":28,"type":"if","locations":[{"start":{"line":28,"column":4},"end":{"line":28,"column":4}},{"start":{"line":28,"column":4},"end":{"line":28,"column":4}}]}}},"/Users/yairperman/proj/chai-by-proxy/src/property_proxy.js":{"path":"/Users/yairperman/proj/chai-by-proxy/src/property_proxy.js","s":{"1":1,"2":1,"3":17,"4":9,"5":59,"6":39,"7":20,"8":16,"9":17},"b":{"1":[9,8],"2":[39,20]},"f":{"1":17,"2":59},"fnMap":{"1":{"name":"(anonymous_1)","line":3,"loc":{"start":{"line":3,"column":17},"end":{"line":3,"column":35}}},"2":{"name":"(anonymous_2)","line":7,"loc":{"start":{"line":7,"column":11},"end":{"line":7,"column":42}}}},"statementMap":{"1":{"start":{"line":1,"column":0},"end":{"line":1,"column":30}},"2":{"start":{"line":3,"column":0},"end":{"line":18,"column":1}},"3":{"start":{"line":4,"column":2},"end":{"line":15,"column":7}},"4":{"start":{"line":5,"column":4},"end":{"line":15,"column":7}},"5":{"start":{"line":8,"column":8},"end":{"line":13,"column":9}},"6":{"start":{"line":9,"column":10},"end":{"line":9,"column":29}},"7":{"start":{"line":11,"column":10},"end":{"line":11,"column":31}},"8":{"start":{"line":12,"column":10},"end":{"line":12,"column":22}},"9":{"start":{"line":17,"column":2},"end":{"line":17,"column":31}}},"branchMap":{"1":{"line":4,"type":"if","locations":[{"start":{"line":4,"column":2},"end":{"line":4,"column":2}},{"start":{"line":4,"column":2},"end":{"line":4,"column":2}}]},"2":{"line":8,"type":"if","locations":[{"start":{"line":8,"column":8},"end":{"line":8,"column":8}},{"start":{"line":8,"column":8},"end":{"line":8,"column":8}}]}}}}