TN:
SF:/Users/yairperman/proj/chai-by-proxy/src/index.js
FN:1,(anonymous_1)
FN:11,property
FN:13,(anonymous_3)
FN:16,negate
FN:20,setRootObj
FN:26,useRootObj
FNF:6
FNH:6
FNDA:1,(anonymous_1)
FNDA:5,property
FNDA:14,(anonymous_3)
FNDA:2,negate
FNDA:7,setRootObj
FNDA:5,useRootObj
DA:1,1
DA:2,1
DA:3,1
DA:5,1
DA:6,1
DA:7,1
DA:8,1
DA:9,1
DA:11,1
DA:12,5
DA:13,14
DA:16,1
DA:17,2
DA:20,1
DA:21,7
DA:23,7
DA:26,1
DA:27,5
DA:28,5
DA:29,5
DA:30,5
DA:33,5
LF:22
LH:22
BRDA:28,1,0,5
BRDA:28,1,1,0
BRF:2
BRH:1
end_of_record
TN:
SF:/Users/yairperman/proj/chai-by-proxy/src/property_proxy.js
FN:3,(anonymous_1)
FN:7,(anonymous_2)
FNF:2
FNH:2
FNDA:17,(anonymous_1)
FNDA:59,(anonymous_2)
DA:1,1
DA:3,1
DA:4,17
DA:5,9
DA:8,59
DA:9,39
DA:11,20
DA:12,16
DA:17,17
LF:9
LH:9
BRDA:4,1,0,9
BRDA:4,1,1,8
BRDA:8,2,0,39
BRDA:8,2,1,20
BRF:4
BRH:4
end_of_record
